This is e-pTeX, Version 3.141592653-p4.0.0-220214-2.6 (utf8.euc) (TeX Live 2022) (preloaded format=platex 2022.7.14)  10 NOV 2022 18:06
entering extended mode
 restricted \write18 enabled.
 file:line:error style messages enabled.
 %&-line parsing enabled.
**index.tex
(./index.tex
pLaTeX2e <2021-11-15> (based on LaTeX2e <2021-11-15> patch level 1)
L3 programming layer <2022-02-24>
(/usr/local/texlive/2022/texmf-dist/tex/luatex/luatexja/ltjsreport.cls
Document Class: ltjsreport 2020/12/23 ltjsclasses 
(/usr/local/texlive/2022/texmf-dist/tex/luatex/luatexja/luatexja.sty
Package: luatexja 2022-03-11 Japanese Typesetting with Lua(La)TeX

/usr/local/texlive/2022/texmf-dist/tex/luatex/luatexja/luatexja.sty:53: Undefin
ed control sequence.
l.53 \directlua
               {require('ltj-unicode-ccfix.lua')}% catcode of ideographs 
Here is how much of TeX's memory you used:
 63 strings out of 478724
 1480 string characters out of 5858392
 297484 words of memory out of 5000000
 18592 multiletter control sequences out of 15000+600000
 473130 words of font info for 45 fonts, out of 8000000 for 9000
 929 hyphenation exceptions out of 8191
 40i,0n,48p,147b,18s stack positions out of 10000i,1000n,20000p,200000b,200000s

No pages of output.
