This is LuaHBTeX, Version 1.15.0 (TeX Live 2022)  (format=lualatex 2022.7.4)  27 DEC 2022 01:02
 restricted system commands enabled.
 file:line:error style messages enabled.
**/Users/jun4869/Desktop/研究室/本論/lualatex_paper/index.tex
(/Users/jun4869/Desktop/研究室/本論/lualatex_paper/index.tex
LaTeX2e <2021-11-15> patch level 1
Lua module: luaotfload 2022-03-18 3.21 Lua based OpenType font support
Lua module: lualibs 2021-05-20 2.74 ConTeXt Lua standard libraries.
Lua module: lualibs-extended 2021-05-20 2.74 ConTeXt Lua libraries -- extended collection.
luaotfload | conf : Root cache directory is "/Users/jun4869/Library/texlive/2022/texmf-var/luatex-cache/generic/names".
luaotfload | init : Loading fontloader "fontloader-2022-02-24.lua" from kpse-resolved path "/usr/local/texlive/2022/texmf-dist/tex/luatex/luaotfload/fontloader-2022-02-24.lua".
Lua-only attribute luaotfload@noligature = 1
luaotfload | init : Context OpenType loader version 3.119
Inserting `luaotfload.node_processor' at position 1 in `pre_linebreak_filter'.
Inserting `luaotfload.node_processor' at position 1 in `hpack_filter'.
Inserting `luaotfload.glyph_stream' at position 1 in `glyph_stream_provider'.
Inserting `luaotfload.define_font' at position 1 in `define_font'.
Lua-only attribute luaotfload_color_attribute = 2
luaotfload | conf : Root cache directory is "/Users/jun4869/Library/texlive/2022/texmf-var/luatex-cache/generic/names".
Inserting `luaotfload.harf.strip_prefix' at position 1 in `find_opentype_file'.
Inserting `luaotfload.harf.strip_prefix' at position 1 in `find_truetype_file'.
Removing  `luaotfload.glyph_stream' from `glyph_stream_provider'.
Inserting `luaotfload.harf.glyphstream' at position 1 in `glyph_stream_provider'.
Inserting `luaotfload.harf.finalize_vlist' at position 1 in `post_linebreak_filter'.
Inserting `luaotfload.harf.finalize_hlist' at position 2 in `hpack_filter'.
Inserting `luaotfload.cleanup_files' at position 1 in `wrapup_run'.
Inserting `luaotfload.harf.finalize_unicode' at position 1 in `finish_pdffile'.
Inserting `luaotfload.glyphinfo' at position 1 in `glyph_info'.
Lua-only attribute luaotfload.letterspace_done = 3
Inserting `luaotfload.aux.set_sscale_dimens' at position 1 in `luaotfload.patch_font'.
Inserting `luaotfload.aux.set_font_index' at position 2 in `luaotfload.patch_font'.
Inserting `luaotfload.aux.patch_cambria_domh' at position 3 in `luaotfload.patch_font'.
Inserting `luaotfload.aux.fixup_fontdata' at position 1 in `luaotfload.patch_font_unsafe'.
Inserting `luaotfload.aux.set_capheight' at position 4 in `luaotfload.patch_font'.
Inserting `luaotfload.aux.set_xheight' at position 5 in `luaotfload.patch_font'.
Inserting `luaotfload.rewrite_fontname' at position 6 in `luaotfload.patch_font'. L3 programming layer <2022-02-24>
Inserting `tracingstacklevels' at position 1 in `input_level_string'. (/usr/local/texlive/2022/texmf-dist/tex/luatex/luatexja/ltjsreport.cls
Document Class: ltjsreport 2022/09/12 ltjsclasses 
(/usr/local/texlive/2022/texmf-dist/tex/luatex/luatexja/luatexja.sty
Package: luatexja 2022-12-13 Japanese Typesetting with Lua(La)TeX
 (/usr/local/texlive/2022/texmf-dist/tex/luatex/luatexja/luatexja-core.sty
Package: luatexja-core 2022-08-24 Core of LuaTeX-ja
 (/usr/local/texlive/2022/texmf-dist/tex/luatex/luatexbase/luatexbase.sty
Package: luatexbase 2015/10/04 v1.3 luatexbase interface to LuaTeX 
 (/usr/local/texlive/2022/texmf-dist/tex/luatex/ctablestack/ctablestack.sty
Package: ctablestack 2015/10/01 v1.0 Catcode table stable support
\@catcodetablestackcnt=\count183
)
\CatcodeTableOther=\catcodetable12
\CatcodeTableExpl=\catcodetable13
) (/usr/local/texlive/2022/texmf-dist/tex/generic/ltxcmds/ltxcmds.sty
Package: ltxcmds 2020-05-10 v1.25 LaTeX kernel commands for general use (HO)
) (/usr/local/texlive/2022/texmf-dist/tex/generic/pdftexcmds/pdftexcmds.sty
Package: pdftexcmds 2020-06-27 v0.33 Utility functions of pdfTeX for LuaTeX (HO)
 (/usr/local/texlive/2022/texmf-dist/tex/generic/infwarerr/infwarerr.sty
Package: infwarerr 2019/12/03 v1.5 Providing info/warning/error messages (HO)
) (/usr/local/texlive/2022/texmf-dist/tex/generic/iftex/iftex.sty
Package: iftex 2022/02/03 v1.0f TeX engine tests
)
Package pdftexcmds Info: \pdf@primitive is available.
Package pdftexcmds Info: \pdf@ifprimitive is available.
Package pdftexcmds Info: \pdfdraftmode found.
\pdftexcmds@toks=\toks16
) (/usr/local/texlive/2022/texmf-dist/tex/latex/xkeyval/xkeyval.sty
Package: xkeyval 2020/11/20 v2.8 package option processing (HA)
 (/usr/local/texlive/2022/texmf-dist/tex/generic/xkeyval/xkeyval.tex (/usr/local/texlive/2022/texmf-dist/tex/generic/xkeyval/xkvutils.tex
\XKV@toks=\toks17
\XKV@tempa@toks=\toks18
 (/usr/local/texlive/2022/texmf-dist/tex/generic/xkeyval/keyval.tex))
\XKV@depth=\count184
File: xkeyval.tex 2014/12/03 v2.7a key=value parser (HA)
)) (/usr/local/texlive/2022/texmf-dist/tex/latex/etoolbox/etoolbox.sty
Package: etoolbox 2020/10/05 v2.5k e-TeX tools for LaTeX (JAW)
\etb@tempcnta=\count185
) (/usr/local/texlive/2022/texmf-dist/tex/latex/everyhook/everyhook.sty (/usr/local/texlive/2022/texmf-dist/tex/latex/svn-prov/svn-prov.sty
Package: svn-prov 2010/04/24 v3.1862 Package Date/Version from SVN Keywords
)
Package: everyhook 2014/11/26 v1.2 (SVN Rev: 12)\ Hooks for low level TeX everyX primitives.
\everypar=\toks19
\frozen@everymath=\toks20
\frozen@everydisplay=\toks21
\everyhbox=\toks22
\everyvbox=\toks23
\everycr=\toks24
)
\ltjlineendcomment=\count186
\ltj@dimen@zw=\dimen137
\ltj@dimen@zh=\dimen138
\ltj@dimen@jQ=\dimen139
\ltj@icflag=\attribute4
\ltj@curjfnt=\attribute5
\ltj@curtfnt=\attribute6
\ltj@charclass=\attribute7
\ltj@charcode=\attribute8
\ltj@autospc=\attribute9
\ltj@autoxspc=\attribute10
\ltj@yablshift=\attribute11
\ltj@ykblshift=\attribute12
\ltj@tablshift=\attribute13
\ltj@tkblshift=\attribute14
\jfam=\attribute15
\ltj@vert@ori=\attribute16
\ltj@dir=\attribute17
\ltj@@japanese=\language2
\ltj@tempcnta=\count187
\ltj@tempdima=\dimen140
\ltj@@stack=\count188
\ltj@@group@level=\count189
\ltj@kcat0=\attribute18
\ltj@kcat1=\attribute19
\ltj@kcat2=\attribute20
\ltj@kcat3=\attribute21
\ltj@kcat4=\attribute22
\ltj@kcat5=\attribute23
\ltj@kcat6=\attribute24
Custom whatsit inhibitglue = 1
Custom whatsit stack_marker = 2
Custom whatsit begin_par = 3
Custom whatsit direction = 4
Custom whatsit box_boundary = 5
Custom whatsit ja_al_boundary = 6(load cache: ltj-cid-auto-adobe-japan1.luc)
Lua module: luatexja.charrange 2022-08-19 Handling the range of Japanese characters
Lua module: luatexja.stack 2022-08-20 LuaTeX-ja stack system
Inserting `ltj.create_dir_whatsit' at position 3 in `hpack_filter'.
Inserting `ltj.create_dir_whatsit' at position 2 in `post_linebreak_filter'.
Inserting `ltj.direction' at position 1 in `vpack_filter'.
Inserting `ltj.direction' at position 1 in `pre_output_filter'.
Inserting `ltj.lineskip' at position 3 in `post_linebreak_filter'.
Inserting `ltj.lineskip' at position 1 in `append_to_vlist_filter'.
Lua module: luatexja.jfont 2022-08-20 Loader for Japanese fonts
Removing  `luaotfload.define_font' from `define_font'.
Inserting `luatexja.font_callback' at position 1 in `define_font'.
Removing  `luaotfload.aux.set_sscale_dimens' from `luaotfload.patch_font'.
Removing  `luaotfload.aux.set_font_index' from `luaotfload.patch_font'.
Removing  `luaotfload.aux.patch_cambria_domh' from `luaotfload.patch_font'.
Removing  `luaotfload.aux.set_capheight' from `luaotfload.patch_font'.
Removing  `luaotfload.aux.set_xheight' from `luaotfload.patch_font'.
Removing  `luaotfload.rewrite_fontname' from `luaotfload.patch_font'.
Inserting `ltj.prepare_extra_data' at position 1 in `luaotfload.patch_font'.
Inserting `luaotfload.aux.set_sscale_dimens' at position 2 in `luaotfload.patch_font'.
Inserting `luaotfload.aux.set_font_index' at position 3 in `luaotfload.patch_font'.
Inserting `luaotfload.aux.patch_cambria_domh' at position 4 in `luaotfload.patch_font'.
Inserting `luaotfload.aux.set_capheight' at position 5 in `luaotfload.patch_font'.
Inserting `luaotfload.aux.set_xheight' at position 6 in `luaotfload.patch_font'.
Inserting `luaotfload.rewrite_fontname' at position 7 in `luaotfload.patch_font'.
Inserting `ltj.prepare_extra_data' at position 1 in `luatexja.define_font'.
Inserting `ltj.get_vert_form' at position 1 in `luatexja.define_jfont'.
Removing  `ltj.prepare_extra_data' from `luaotfload.patch_font'.
Removing  `luaotfload.aux.set_sscale_dimens' from `luaotfload.patch_font'.
Removing  `luaotfload.aux.set_font_index' from `luaotfload.patch_font'.
Removing  `luaotfload.aux.patch_cambria_domh' from `luaotfload.patch_font'.
Removing  `luaotfload.aux.set_capheight' from `luaotfload.patch_font'.
Removing  `luaotfload.aux.set_xheight' from `luaotfload.patch_font'.
Removing  `luaotfload.rewrite_fontname' from `luaotfload.patch_font'.
Inserting `ltj.supply_tounicode' at position 1 in `luaotfload.patch_font'.
Inserting `ltj.prepare_extra_data' at position 2 in `luaotfload.patch_font'.
Inserting `luaotfload.aux.set_sscale_dimens' at position 3 in `luaotfload.patch_font'.
Inserting `luaotfload.aux.set_font_index' at position 4 in `luaotfload.patch_font'.
Inserting `luaotfload.aux.patch_cambria_domh' at position 5 in `luaotfload.patch_font'.
Inserting `luaotfload.aux.set_capheight' at position 6 in `luaotfload.patch_font'.
Inserting `luaotfload.aux.set_xheight' at position 7 in `luaotfload.patch_font'.
Inserting `luaotfload.rewrite_fontname' at position 8 in `luaotfload.patch_font'.
Inserting `ltj.process_input_buffer' at position 1 in `process_input_buffer'.
Inserting `ltj.hyphenate' at position 1 in `hyphenate'.
Removing  `luaotfload.node_processor' from `hpack_filter'.
Removing  `luaotfload.harf.finalize_hlist' from `hpack_filter'.
Removing  `ltj.create_dir_whatsit' from `hpack_filter'.
Inserting `ltj.set_stack_level' at position 1 in `hpack_filter'.
Inserting `luaotfload.node_processor' at position 2 in `hpack_filter'.
Inserting `luaotfload.harf.finalize_hlist' at position 3 in `hpack_filter'.
Inserting `ltj.create_dir_whatsit' at position 4 in `hpack_filter'.
Removing  `luaotfload.node_processor' from `pre_linebreak_filter'.
Inserting `ltj.set_stack_level' at position 1 in `pre_linebreak_filter'.
Inserting `luaotfload.node_processor' at position 2 in `pre_linebreak_filter'.
Lua module: luatexja.jfmglue 2022-08-29 Insertion process of JFM glues, [x]kanjiskip and others
Inserting `luatexja.beginpar.np_info' at position 1 in `luatexja.jfmglue.whatsit_getinfo'.
Inserting `luatexja.beginpar.np_info_after' at position 1 in `luatexja.jfmglue.whatsit_after'.
Inserting `ltj.mlist_to_hlist_pre' at position 1 in `pre_mlist_to_hlist_filter'.
Inserting `ltj.main' at position 3 in `pre_linebreak_filter'.
Removing  `luaotfload.harf.finalize_hlist' from `hpack_filter'.
Removing  `ltj.create_dir_whatsit' from `hpack_filter'.
Inserting `ltj.main' at position 3 in `hpack_filter'.
Inserting `luaotfload.harf.finalize_hlist' at position 4 in `hpack_filter'.
Inserting `ltj.create_dir_whatsit' at position 5 in `hpack_filter'.
Removing  `ltj.set_stack_level' from `pre_linebreak_filter'.
Removing  `luaotfload.node_processor' from `pre_linebreak_filter'.
Removing  `ltj.main' from `pre_linebreak_filter'.
Inserting `ltj.adjust_icflag' at position 1 in `pre_linebreak_filter'.
Inserting `ltj.set_stack_level' at position 2 in `pre_linebreak_filter'.
Inserting `luaotfload.node_processor' at position 3 in `pre_linebreak_filter'.
Inserting `ltj.main' at position 4 in `pre_linebreak_filter'.
Removing  `ltj.set_stack_level' from `hpack_filter'.
Removing  `luaotfload.node_processor' from `hpack_filter'.
Removing  `ltj.main' from `hpack_filter'.
Removing  `luaotfload.harf.finalize_hlist' from `hpack_filter'.
Removing  `ltj.create_dir_whatsit' from `hpack_filter'.
Inserting `ltj.adjust_icflag' at position 1 in `hpack_filter'.
Inserting `ltj.set_stack_level' at position 2 in `hpack_filter'.
Inserting `luaotfload.node_processor' at position 3 in `hpack_filter'.
Inserting `ltj.main' at position 4 in `hpack_filter'.
Inserting `luaotfload.harf.finalize_hlist' at position 5 in `hpack_filter'.
Inserting `ltj.create_dir_whatsit' at position 6 in `hpack_filter'. (/usr/local/texlive/2022/texmf-dist/tex/luatex/luatexja/ltj-base.sty
Package: ltj-base 2021-03-16
\ltj@tempcntb=\count190
\ltj@tempcntc=\count191
\ltj@afbox=\box50
)
\ltj@@italic@inner=\luafunction25
\ltj@@start@time@measure@inner=\luafunction26
\ltj@@stop@time@measure@inner=\luafunction27
\ltj@@jfont@inner=\luafunction28
\ltj@zw@inner=\luafunction29
\ltj@zh@inner=\luafunction30
\ltj@reset@globaldefs@inner=\luafunction31
\ltj@restore@globaldefs@inner=\luafunction32
\ltj@@disihb@inner=\luafunction33
\ltj@@ihb@inner=\luafunction34
\ltj@@fakeparbegin@inner=\luafunction35
\ltj@@fakeboxbdd@inner=\luafunction36
\ltj@@ins@xk@inner=\luafunction37
\ltj@@ins@k@inner=\luafunction38
\ltjsetkanjiskip@inner=\luafunction39
\ltjsetxkanjiskip@inner=\luafunction40
\ltj@@getparam@one@inner=\luafunction41
\ltj@alljachar@inner=\luafunction42
\ltj@@lua@populate@insertwhatsit@inner=\luafunction43
\ltj@@vadjust@begin@inner=\luafunction44
\ltj@@vadjust@dirhook@inner=\luafunction45
\ltj@@vadjust@check@dir@inner=\luafunction46
\ltj@@box@dirhook@inner=\luafunction47
\ltj@@reset@badness@inner=\luafunction48
\ltj@@lua@raisebox@inner=\luafunction49
\ltj@@lua@unboxcheckdir@inner=\luafunction50
(load cache: ltj-kinsoku_default.luc) (/usr/local/texlive/2022/texmf-dist/tex/luatex/luatexja/ltj-latex.sty
Package: ltj-latex 2022-10-15 LaTeX support of LuaTeX-ja
Inserting `ltj.direction' at position 1 in `pre_shipout_filter'. (/usr/local/texlive/2022/texmf-dist/tex/luatex/luatexja/patches/lltjfont.sty
Package: lltjfont 2021-05-26 Patch to NFSS2 for LuaTeX-ja
\ltj@@latex@plv=\count192
 (/usr/local/texlive/2022/texmf-dist/tex/latex/base/tuenc.def
File: tuenc.def 2021/04/29 v2.0v Standard LaTeX file
\@remove@tlig@@@@=\luafunction51
LaTeX Font Info:    Redeclaring font encoding TU on input line 106.
)
\Cht=\dimen141
\cht=\dimen142
\Cdp=\dimen143
\cdp=\dimen144
\Cwd=\dimen145
\cwd=\dimen146
\Cvs=\dimen147
\cvs=\dimen148
\Chs=\dimen149
\chs=\dimen150
\cHT=\dimen151
\dstrutbox=\box51
\tstrutbox=\box52
\zstrutbox=\box53
LaTeX Info: Redefining \strut on input line 91.
\ltj@@add@fenc@@inner=\luafunction52
\ltj@@add@kyenc@@inner=\luafunction53
\ltj@@add@ktenc@@inner=\luafunction54
\ltj@@is@kyenc@@inner=\luafunction55
\ltj@@is@ktenc@@inner=\luafunction56
\ltj@@is@kenc@@inner=\luafunction57
\ltj@@is@ffam@@inner=\luafunction58
\ltj@@add@ffam@@inner=\luafunction59
\ltj@@add@kfam@@inner=\luafunction60
\ltj@@adjust@baseline@inner=\luafunction61
LaTeX Info: Redefining \fontencoding on input line 646.
LaTeX Info: Redefining \fontfamily on input line 689.
LaTeX Info: Redefining \fontseries on input line 923.
LaTeX Info: Redefining \fontseriesforce on input line 924.
LaTeX Info: Redefining \fontshape on input line 944.
LaTeX Info: Redefining \fontshapeforce on input line 955.
\ltj@@jfont@@jfmonly@@inner=\luafunction62
\ltj@@does@alt@set@@inner=\luafunction63
) (/usr/local/texlive/2022/texmf-dist/tex/luatex/luatexja/patches/lltjdefs.sty
Package: lltjdefs 2022-01-23 Default font settings of LuaTeX-ja
luaotfload | db : Font names database loaded from /Users/jun4869/Library/texlive/2022/texmf-var/luatex-cache/generic/names/luaotfload-names.luc.gz(load cache: extra_lmroman10-regular.luc)
LaTeX Font Info:    Font shape `JT3/mc/m/n' will be
(Font)              scaled to size 9.24713pt on input line 79.

(/usr/local/texlive/2022/texmf-dist/tex/luatex/luatexja/jfm-ujisv.lua)
LaTeX Font Info:    Font shape `JY3/mc/m/n' will be
(Font)              scaled to size 9.24713pt on input line 79.
(load cache: extra_haranoajimincho-regular.luc)
(/usr/local/texlive/2022/texmf-dist/tex/luatex/luatexja/jfm-ujis.lua)
\symmincho=\mathgroup4
LaTeX Font Info:    Overwriting symbol font `mincho' in version `bold'
(Font)                  JY3/mc/m/n --> JY3/gt/m/n on input line 88.
) (/usr/local/texlive/2022/texmf-dist/tex/luatex/luatexja/patches/lltjcore.sty
Package: lltjcore 2022-05-30 Patch to LaTeX2e Kernel for LuaTeX-ja
 (/usr/local/texlive/2022/texmf-dist/tex/latex/l3kernel/expl3.sty
Package: expl3 2022-02-24 L3 programming layer (loader) 
 (/usr/local/texlive/2022/texmf-dist/tex/latex/l3backend/l3backend-luatex.def
File: l3backend-luatex.def 2022-02-07 L3 backend support: PDF output (LuaTeX)
\l__color_backend_stack_int=\count193
\l__pdf_internal_box=\box54
))
\@tombowwidth=\dimen152
\@TL=\box55
\@Tl=\box56
\@TC=\box57
\@TR=\box58
\@Tr=\box59
\@BL=\box60
\@Bl=\box61
\@BC=\box62
\@BR=\box63
\@Br=\box64
\@CL=\box65
\@CR=\box66
(load cache: extra_lmmono9-regular.luc)
\@bannertoken=\toks25
\@@paperheight=\dimen153
\@@paperwidth=\dimen154
\@@topmargin=\dimen155
LaTeX Info: Redefining \underline on input line 266.
) (/usr/local/texlive/2022/texmf-dist/tex/luatex/luatexja/patches/lltjp-atbegshi.sty
Package: lltjp-atbegshi 2022-08-12 Patching \shipout hooks for LuaTeX-ja
\l__platex_shipout_dummy_box=\box67
) (/usr/local/texlive/2022/texmf-dist/tex/luatex/luatexja/patches/lltjp-geometry.sty
Package: lltjp-geometry 2021-10-24 Patch to geometry for LuaTeX-ja with vertical writing mode
 (/usr/local/texlive/2022/texmf-dist/tex/generic/iftex/ifluatex.sty
Package: ifluatex 2019/10/25 v1.5 ifluatex legacy package. Use iftex instead.
)))
\ltj@temp@cctb=\catcodetable14
) (/usr/local/texlive/2022/texmf-dist/tex/luatex/luatexja/luatexja-compat.sty
Package: luatexja-compat 2020-08-08 Compatibility with pTeX
(load cache: ltj-jisx0208.luc)
\hour=\count194
\minute=\count195
))
\jsc@mpt=\dimen156
\jsc@mmm=\dimen157
\ltjs@@magnify@font@calc=\luafunction64
\jsc@smallskipamount=\skip47
(load cache: extra_lmroman8-regular.luc)
LaTeX Font Info:    Font shape `JY3/mc/m/n' will be
(Font)              scaled to size 7.70596pt on input line 420.
LaTeX Font Info:    Font shape `JT3/mc/m/n' will be
(Font)              scaled to size 9.24713pt on input line 420.
LaTeX Font Info:    Font shape `JY3/mc/m/n' will be
(Font)              scaled to size 9.24713pt on input line 420.
\fullwidth=\dimen158
LaTeX Font Info:    Font shape `JT3/mc/m/n' will be
(Font)              scaled to size 7.3977pt on input line 547.
LaTeX Font Info:    Font shape `JY3/mc/m/n' will be
(Font)              scaled to size 7.3977pt on input line 547.
\c@part=\count196
\c@chapter=\count197
\c@section=\count198
\c@subsection=\count199
\c@subsubsection=\count266
\c@paragraph=\count267
\c@subparagraph=\count268
\@abstractbox=\box68
\c@figure=\count269
\c@table=\count270
\abovecaptionskip=\skip48
\belowcaptionskip=\skip49
LaTeX Info: Redefining \mc on input line 1275.
LaTeX Info: Redefining \gt on input line 1276.
\jsc@tocl@width=\dimen159
\@lnumwidth=\dimen160
\bibindent=\dimen161
 (/usr/local/texlive/2022/texmf-dist/tex/platex/jsclasses/jslogo.sty
Package: jslogo 2019/07/25 okumura, texjporg
LaTeX Info: Redefining \TeX on input line 82.
LaTeX Info: Redefining \LaTeX on input line 135.
LaTeX Info: Redefining \LaTeXe on input line 188.
)
\heisei=\count271
 (/usr/local/texlive/2022/texmf-dist/tex/latex/sttools/stfloats.sty
Package: stfloats 2017/03/27 v3.3 Improve float mechanism and baselineskip settings
\@dblbotnum=\count272
\c@dblbotnumber=\count273
) (/usr/local/texlive/2022/texmf-dist/tex/luatex/luatexja/patches/lltjp-stfloats.sty)) (/usr/local/texlive/2022/texmf-dist/tex/latex/listings/listings.sty
\lst@mode=\count274
\lst@gtempboxa=\box69
\lst@token=\toks26
\lst@length=\count275
\lst@currlwidth=\dimen162
\lst@column=\count276
\lst@pos=\count277
\lst@lostspace=\dimen163
\lst@width=\dimen164
\lst@newlines=\count278
\lst@lineno=\count279
\lst@maxwidth=\dimen165
 (/usr/local/texlive/2022/texmf-dist/tex/latex/listings/lstmisc.sty
File: lstmisc.sty 2020/03/24 1.8d (Carsten Heinz)
\c@lstnumber=\count280
\lst@skipnumbers=\count281
\lst@framebox=\box70
) (/usr/local/texlive/2022/texmf-dist/tex/latex/listings/listings.cfg
File: listings.cfg 2020/03/24 1.8d listings configuration
))
Package: listings 2020/03/24 1.8d (Carsten Heinz)
 (/usr/local/texlive/2022/texmf-dist/tex/luatex/luatexja/patches/lltjp-listings.sty (/usr/local/texlive/2022/texmf-dist/tex/luatex/luatexbase/luatexbase-cctb.sty
Package: luatexbase-cctb 2015/10/04 v1.3 luatexbase interface to LuaTeX (legacy subpackage) 
)
\ltj@lst@japanese@min=\count282
\CatcodeTableLTJlistings=\catcodetable15
\ltj@lst@frame@lslimit=\dimen166
 (/usr/local/texlive/2022/texmf-dist/tex/latex/listings/lstmisc.sty
File: lstmisc.sty 2020/03/24 1.8d (Carsten Heinz)
\lst@WFtoken=\toks27
\lst@WF=\write3
)) (/usr/local/texlive/2022/texmf-dist/tex/latex/jvlisting/jvlisting.sty
Package: jvlisting 2011/11/17 v0.7 Formatted Program Listings
\jvl@idt=\count283
\jvl@tmphyphenchar=\count284
\jvl@fileinput=\read2
\listingskipamount=\skip50
\listingindent=\dimen167
\prelistingpenalty=\count285
\listingpenalty=\count286
\postlistingpenalty=\count287
) (/usr/local/texlive/2022/texmf-dist/tex/latex/graphics/graphicx.sty
Package: graphicx 2021/09/16 v1.2d Enhanced LaTeX Graphics (DPC,SPQR)
 (/usr/local/texlive/2022/texmf-dist/tex/latex/graphics/graphics.sty
Package: graphics 2021/03/04 v1.4d Standard LaTeX Graphics (DPC,SPQR)
 (/usr/local/texlive/2022/texmf-dist/tex/latex/graphics/trig.sty
Package: trig 2021/08/11 v1.11 sin cos tan (DPC)
) (/usr/local/texlive/2022/texmf-dist/tex/latex/graphics-cfg/graphics.cfg
File: graphics.cfg 2016/06/04 v1.11 sample graphics configuration
)
Package graphics Info: Driver file: luatex.def on input line 107.
 (/usr/local/texlive/2022/texmf-dist/tex/latex/graphics-def/luatex.def
File: luatex.def 2021/06/01 v1.2c Graphics/color driver for luatex
))
\Gin@req@height=\dimen168
\Gin@req@width=\dimen169
) (/usr/local/texlive/2022/texmf-dist/tex/latex/ascmac/ascmac.sty
Package: ascmac 2020/01/15 v2.1 ascmac wrapper (community edition) 
 (/usr/local/texlive/2022/texmf-dist/tex/latex/ascmac/tascmac.sty
Package: tascmac 2020/01/15 v2.1 ascmac package (community edition) 
Package tascmac Info: Patch from LuaTeX-ja will be applied on input line 44.
\@savetbaselineshift=\dimen170
\@saveybaselineshift=\dimen171
\scb@x=\box71
\scscb@x=\box72
\@bw=\dimen172
\@nbox=\box73
\@nbody=\box74
\@scw=\dimen173
\ascmac@hoboxa=\box75
\ascmac@hoboxb=\box76
\@itemh=\dimen174
\@iboxpos=\toks28
\@iboxstr=\box77
\@bwsp=\box78
\@@bwsp=\box79
\@bcal=\count288
\shaderule=\dimen175
)) (/usr/local/texlive/2022/texmf-dist/tex/latex/url/url.sty
\Urlmuskip=\muskip16
Package: url 2013/09/16  ver 3.4  Verb mode for urls, etc.
) (/usr/local/texlive/2022/texmf-dist/tex/latex/tools/array.sty
Package: array 2021/10/04 v2.5f Tabular extension package (FMi)
\col@sep=\dimen176
\ar@mcellbox=\box80
\extrarowheight=\dimen177
\NC@list=\toks29
\extratabsurround=\skip51
\backup@length=\skip52
\ar@cellbox=\box81
) (./style/eclbkbox.sty
\bk@bxb=\box82
\bk@bxa=\box83
\bk@lcnt=\count289
) (/usr/local/texlive/2022/texmf-dist/tex/latex/fancyhdr/fancyheadings.sty
Package: fancyheadings 2021/01/28 v4.0.1 Legacy package to call fancyhdr


Package fancyheadings Warning: Please stop using fancyheadings!
(fancyheadings)                Use fancyhdr instead.
(fancyheadings)                We will call fancyhdr with the very same
(fancyheadings)                options you passed to fancyheadings.
(fancyheadings)                
(fancyheadings)                fancyhdr is 99 percent compatible with
(fancyheadings)                fancyheadings. The only incompatibility is
(fancyheadings)                that \headrulewidth and \footrulewidth and
(fancyheadings)                their \plain... versions are no longer length
(fancyheadings)                parameters, but normal macros (to be changed
(fancyheadings)                with \renewcommand rather than \setlength)..

(/usr/local/texlive/2022/texmf-dist/tex/latex/fancyhdr/fancyhdr.sty
Package: fancyhdr 2021/01/28 v4.0.1 Extensive control of page headers and footers
\f@nch@headwidth=\skip53
\f@nch@O@elh=\skip54
\f@nch@O@erh=\skip55
\f@nch@O@olh=\skip56
\f@nch@O@orh=\skip57
\f@nch@O@elf=\skip58
\f@nch@O@erf=\skip59
\f@nch@O@olf=\skip60
\f@nch@O@orf=\skip61
)) (/usr/local/texlive/2022/texmf-dist/tex/latex/hyperref/hyperref.sty
Package: hyperref 2022-02-21 v7.00n Hypertext links for LaTeX
 (/usr/local/texlive/2022/texmf-dist/tex/generic/kvsetkeys/kvsetkeys.sty
Package: kvsetkeys 2019/12/15 v1.18 Key value parser (HO)
) (/usr/local/texlive/2022/texmf-dist/tex/generic/kvdefinekeys/kvdefinekeys.sty
Package: kvdefinekeys 2019-12-19 v1.6 Define keys (HO)
) (/usr/local/texlive/2022/texmf-dist/tex/generic/pdfescape/pdfescape.sty
Package: pdfescape 2019/12/09 v1.15 Implements pdfTeX's escape features (HO)
) (/usr/local/texlive/2022/texmf-dist/tex/latex/hycolor/hycolor.sty
Package: hycolor 2020-01-27 v1.10 Color options for hyperref/bookmark (HO)
) (/usr/local/texlive/2022/texmf-dist/tex/latex/letltxmacro/letltxmacro.sty
Package: letltxmacro 2019/12/03 v1.6 Let assignment for LaTeX macros (HO)
) (/usr/local/texlive/2022/texmf-dist/tex/latex/auxhook/auxhook.sty
Package: auxhook 2019-12-17 v1.6 Hooks for auxiliary files (HO)
) (/usr/local/texlive/2022/texmf-dist/tex/latex/kvoptions/kvoptions.sty
Package: kvoptions 2020-10-07 v3.14 Key value format for package options (HO)
)
\@linkdim=\dimen178
\Hy@linkcounter=\count290
\Hy@pagecounter=\count291
 (/usr/local/texlive/2022/texmf-dist/tex/latex/hyperref/pd1enc.def
File: pd1enc.def 2022-02-21 v7.00n Hyperref: PDFDocEncoding definition (HO)
) (/usr/local/texlive/2022/texmf-dist/tex/generic/intcalc/intcalc.sty
Package: intcalc 2019/12/15 v1.3 Expandable calculations with integers (HO)
) (/usr/local/texlive/2022/texmf-dist/tex/generic/etexcmds/etexcmds.sty
Package: etexcmds 2019/12/15 v1.7 Avoid name clashes with e-TeX commands (HO)
)
\Hy@SavedSpaceFactor=\count292
 (/usr/local/texlive/2022/texmf-dist/tex/latex/hyperref/puenc.def
File: puenc.def 2022-02-21 v7.00n Hyperref: PDF Unicode definition (HO)
)
Package hyperref Info: Option `unicode' set `true' on input line 4018.
 (/usr/local/texlive/2022/texmf-dist/tex/generic/stringenc/stringenc.sty
Package: stringenc 2019/11/29 v1.12 Convert strings between diff. encodings (HO)
)
Package hyperref Info: Hyper figures OFF on input line 4137.
Package hyperref Info: Link nesting OFF on input line 4142.
Package hyperref Info: Hyper index ON on input line 4145.
Package hyperref Info: Plain pages OFF on input line 4152.
Package hyperref Info: Backreferencing OFF on input line 4157.
Package hyperref Info: Implicit mode ON; LaTeX internals redefined.
Package hyperref Info: Bookmarks ON on input line 4390.
\c@Hy@tempcnt=\count293
LaTeX Info: Redefining \url on input line 4749.
\XeTeXLinkMargin=\dimen179
 (/usr/local/texlive/2022/texmf-dist/tex/generic/bitset/bitset.sty
Package: bitset 2019/12/09 v1.3 Handle bit-vector datatype (HO)
 (/usr/local/texlive/2022/texmf-dist/tex/generic/bigintcalc/bigintcalc.sty
Package: bigintcalc 2019/12/15 v1.5 Expandable calculations on big integers (HO)
))
\Fld@menulength=\count294
\Field@Width=\dimen180
\Fld@charsize=\dimen181
Package hyperref Info: Hyper figures OFF on input line 6027.
Package hyperref Info: Link nesting OFF on input line 6032.
Package hyperref Info: Hyper index ON on input line 6035.
Package hyperref Info: backreferencing OFF on input line 6042.
Package hyperref Info: Link coloring OFF on input line 6047.
Package hyperref Info: Link coloring with OCG OFF on input line 6052.
Package hyperref Info: PDF/A mode OFF on input line 6057.
LaTeX Info: Redefining \ref on input line 6097.
LaTeX Info: Redefining \pageref on input line 6101.
 (/usr/local/texlive/2022/texmf-dist/tex/latex/base/atbegshi-ltx.sty
Package: atbegshi-ltx 2021/01/10 v1.0c Emulation of the original atbegshi
package with kernel methods
)
\Hy@abspage=\count295
\c@Item=\count296
\c@Hfootnote=\count297
)
Package hyperref Info: Driver: hluatex.
 (/usr/local/texlive/2022/texmf-dist/tex/latex/hyperref/hluatex.def
File: hluatex.def 2022-02-21 v7.00n Hyperref driver for luaTeX
 (/usr/local/texlive/2022/texmf-dist/tex/latex/base/atveryend-ltx.sty
Package: atveryend-ltx 2020/08/19 v1.0a Emulation of the original atveryend package
with kernel methods
)
\Fld@listcount=\count298
\c@bookmark@seq@number=\count299
 (/usr/local/texlive/2022/texmf-dist/tex/latex/rerunfilecheck/rerunfilecheck.sty
Package: rerunfilecheck 2019/12/05 v1.9 Rerun checks for auxiliary files (HO)
 (/usr/local/texlive/2022/texmf-dist/tex/generic/uniquecounter/uniquecounter.sty
Package: uniquecounter 2019/12/15 v1.4 Provide unlimited unique counter (HO)
)
Package uniquecounter Info: New unique counter `rerunfilecheck' on input line 286.
)
\Hy@SectionHShift=\skip62
)
Package hyperref Info: Option `unicode' set `true' on input line 7.
Package hyperref Info: Option `bookmarksnumbered' set `true' on input line 7.
Package hyperref Info: Option `final' set `true' on input line 7.
 (/usr/local/texlive/2022/texmf-dist/tex/luatex/luatexja/patches/lltjp-tascmac.sty
Package: lltjp-tascmac 2022-08-24 Patch to (t)ascmac for LuaTeX-ja
{/usr/local/texlive/2022/texmf-var/fonts/map/pdftex/updmap/pdftex.map}
warning  (map file): entry for 'ascgrp' already exists, duplicates ignored
) (/usr/local/texlive/2022/texmf-dist/tex/luatex/luatexja/patches/lltjp-array.sty
Package: lltjp-array 2019-07-18 Patch to array for LuaTeX-ja
) (./out/index.aux

LaTeX Warning: Label `fig:図の名前' multiply defined.


LaTeX Warning: Label `fig:図の名前' multiply defined.


LaTeX Warning: Label `table:data_type' multiply defined.


LaTeX Warning: Label `table:data_type' multiply defined.


LaTeX Warning: Label `table:data_type' multiply defined.


LaTeX Warning: Label `table:data_type' multiply defined.


LaTeX Warning: Label `fig:図の名前' multiply defined.


LaTeX Warning: Label `fig:図の名前' multiply defined.


LaTeX Warning: Label `fig:図の名前' multiply defined.


LaTeX Warning: Label `fig:図の名前' multiply defined.


LaTeX Warning: Label `fig:図の名前' multiply defined.


LaTeX Warning: Label `fig:図の名前' multiply defined.


LaTeX Warning: Label `fig:図の名前' multiply defined.


LaTeX Warning: Label `fig:図の名前' multiply defined.


LaTeX Warning: Label `fig:図の名前' multiply defined.


LaTeX Warning: Label `fig:図の名前' multiply defined.


LaTeX Warning: Label `fig:図の名前' multiply defined.


LaTeX Warning: Label `fig:図の名前' multiply defined.


LaTeX Warning: Label `fig:図の名前' multiply defined.


LaTeX Warning: Label `fig:図の名前' multiply defined.


LaTeX Warning: Label `fig:図の名前' multiply defined.


LaTeX Warning: Label `fig:図の名前' multiply defined.


LaTeX Warning: Label `fig:図の名前' multiply defined.


LaTeX Warning: Label `fig:図の名前' multiply defined.


LaTeX Warning: Label `fig:図の名前' multiply defined.


LaTeX Warning: Label `fig:図の名前' multiply defined.


LaTeX Warning: Label `fig:図の名前' multiply defined.


LaTeX Warning: Label `fig:図の名前' multiply defined.


LaTeX Warning: Label `fig:図の名前' multiply defined.


LaTeX Warning: Label `fig:図の名前' multiply defined.


LaTeX Warning: Label `fig:図の名前' multiply defined.


LaTeX Warning: Label `fig:図の名前' multiply defined.


LaTeX Warning: Label `fig:図の名前' multiply defined.


LaTeX Warning: Label `fig:図の名前' multiply defined.


LaTeX Warning: Label `fig:図の名前' multiply defined.


LaTeX Warning: Label `chp:tex_basic' multiply defined.

)
\openout1 = index.aux

LaTeX Font Info:    Checking defaults for OML/cmm/m/it on input line 51.
LaTeX Font Info:    ... okay on input line 51.
LaTeX Font Info:    Checking defaults for OMS/cmsy/m/n on input line 51.
LaTeX Font Info:    ... okay on input line 51.
LaTeX Font Info:    Checking defaults for OT1/cmr/m/n on input line 51.
LaTeX Font Info:    ... okay on input line 51.
LaTeX Font Info:    Checking defaults for T1/cmr/m/n on input line 51.
LaTeX Font Info:    ... okay on input line 51.
LaTeX Font Info:    Checking defaults for TS1/cmr/m/n on input line 51.
LaTeX Font Info:    Trying to load font information for TS1+cmr on input line 51.
 (/usr/local/texlive/2022/texmf-dist/tex/latex/base/ts1cmr.fd
File: ts1cmr.fd 2019/12/16 v2.5j Standard LaTeX font definitions
)
LaTeX Font Info:    ... okay on input line 51.
LaTeX Font Info:    Checking defaults for TU/lmr/m/n on input line 51.
LaTeX Font Info:    ... okay on input line 51.
LaTeX Font Info:    Checking defaults for OMX/cmex/m/n on input line 51.
LaTeX Font Info:    ... okay on input line 51.
LaTeX Font Info:    Checking defaults for U/cmr/m/n on input line 51.
LaTeX Font Info:    ... okay on input line 51.
LaTeX Font Info:    Checking defaults for JY3/mc/m/n on input line 51.
LaTeX Font Info:    ... okay on input line 51.
LaTeX Font Info:    Checking defaults for JT3/mc/m/n on input line 51.
LaTeX Font Info:    ... okay on input line 51.
LaTeX Font Info:    Checking defaults for PD1/pdf/m/n on input line 51.
LaTeX Font Info:    ... okay on input line 51.
LaTeX Font Info:    Checking defaults for PU/pdf/m/n on input line 51.
LaTeX Font Info:    ... okay on input line 51.
\c@lstlisting=\count300
 (/usr/local/texlive/2022/texmf-dist/tex/context/base/mkii/supp-pdf.mkii
[Loading MPS to PDF converter (version 2006.09.02).]
\scratchcounter=\count301
\scratchdimen=\dimen182
\scratchbox=\box84
\nofMPsegments=\count302
\nofMParguments=\count303
\everyMPshowfont=\toks30
\MPscratchCnt=\count304
\MPscratchDim=\dimen183
\MPnumerator=\count305
\makeMPintoPDFobject=\count306
\everyMPtoPDFconversion=\toks31
) (/usr/local/texlive/2022/texmf-dist/tex/latex/epstopdf-pkg/epstopdf-base.sty
Package: epstopdf-base 2020-01-24 v2.11 Base part for package epstopdf
Package epstopdf-base Info: Redefining graphics rule for `.eps' on input line 485.
 (/usr/local/texlive/2022/texmf-dist/tex/latex/latexconfig/epstopdf-sys.cfg
File: epstopdf-sys.cfg 2010/07/13 v1.3 Configuration of (r)epstopdf for TeX Live
))
Package hyperref Info: Link coloring OFF on input line 51.
 (/usr/local/texlive/2022/texmf-dist/tex/latex/hyperref/nameref.sty
Package: nameref 2021-04-02 v2.47 Cross-referencing by name of section
 (/usr/local/texlive/2022/texmf-dist/tex/latex/refcount/refcount.sty
Package: refcount 2019/12/15 v3.6 Data extraction from label references (HO)
) (/usr/local/texlive/2022/texmf-dist/tex/generic/gettitlestring/gettitlestring.sty
Package: gettitlestring 2019/12/15 v1.6 Cleanup title references (HO)
)
\c@section@level=\count307
)
LaTeX Info: Redefining \ref on input line 51.
LaTeX Info: Redefining \pageref on input line 51.
LaTeX Info: Redefining \nameref on input line 51.
 (./out/index.out) (./out/index.out)
\@outlinefile=\write4

\openout4 = index.out
(load cache: extra_lmroman17-regular.luc)
LaTeX Font Info:    Font shape `JT3/mc/m/n' will be
(Font)              scaled to size 15.97902pt on input line 54.
LaTeX Font Info:    Font shape `JY3/mc/m/n' will be
(Font)              scaled to size 15.97902pt on input line 54.
(load cache: extra_lmroman12-regular.luc)
LaTeX Font Info:    Font shape `JT3/mc/m/n' will be
(Font)              scaled to size 11.09656pt on input line 54.
LaTeX Font Info:    Font shape `JY3/mc/m/n' will be
(Font)              scaled to size 11.09656pt on input line 54.
LaTeX Font Info:    Calculating math sizes for size <14.39996> on input line 54.
LaTeX Font Info:    External font `cmex10' loaded for size
(Font)              <12> on input line 54.
LaTeX Font Info:    External font `cmex10' loaded for size
(Font)              <8.39996> on input line 54.
LaTeX Font Info:    External font `cmex10' loaded for size
(Font)              <6> on input line 54.
LaTeX Font Info:    Font shape `JY3/mc/m/n' will be
(Font)              scaled to size 7.76755pt on input line 54.
LaTeX Font Info:    Font shape `JY3/mc/m/n' will be
(Font)              scaled to size 5.54828pt on input line 54.
 [1

]
LaTeX Font Info:    Font shape `JT3/gt/m/n' will be
(Font)              scaled to size 9.24713pt on input line 54.
LaTeX Font Info:    Font shape `JY3/gt/m/n' will be
(Font)              scaled to size 9.24713pt on input line 54.
(load cache: extra_haranoajigothic-medium.luc)(load cache: extra_lmsans10-regular.luc)
LaTeX Font Info:    Font shape `JT3/mc/m/n' will be
(Font)              scaled to size 23.00687pt on input line 54.
LaTeX Font Info:    Font shape `JY3/mc/m/n' will be
(Font)              scaled to size 23.00687pt on input line 54.
LaTeX Font Info:    Font shape `JT3/gt/m/n' will be
(Font)              scaled to size 23.00687pt on input line 54.
LaTeX Font Info:    Font shape `JY3/gt/m/n' will be
(Font)              scaled to size 23.00687pt on input line 54.
(load cache: extra_lmsans17-regular.luc) (./out/index.toc
LaTeX Font Info:    Calculating math sizes for size <11.99997> on input line 2.
LaTeX Font Info:    External font `cmex10' loaded for size
(Font)              <10> on input line 2.
LaTeX Font Info:    External font `cmex10' loaded for size
(Font)              <6.99995> on input line 2.
LaTeX Font Info:    External font `cmex10' loaded for size
(Font)              <5> on input line 2.
LaTeX Font Info:    Font shape `JY3/mc/m/n' will be
(Font)              scaled to size 6.47295pt on input line 2.
LaTeX Font Info:    Font shape `JY3/mc/m/n' will be
(Font)              scaled to size 4.62357pt on input line 2.
)
\tf@toc=\write5

\openout5 = index.toc

warning  (pdf backend): ignoring duplicate destination with the name 'page.i'
[1

] (./out/index.lof [2

])
\tf@lof=\write6

\openout6 = index.lof
 [3] (./out/index.lot)
\tf@lot=\write7

\openout7 = index.lot
 [4

] (./chapter/chapter_1.tex
第1章
LaTeX Font Info:    Font shape `JT3/mc/m/n' will be
(Font)              scaled to size 19.17854pt on input line 1.
LaTeX Font Info:    Font shape `JY3/mc/m/n' will be
(Font)              scaled to size 19.17854pt on input line 1.
LaTeX Font Info:    Font shape `JT3/gt/m/n' will be
(Font)              scaled to size 19.17854pt on input line 1.
LaTeX Font Info:    Font shape `JY3/gt/m/n' will be
(Font)              scaled to size 19.17854pt on input line 1.
LaTeX Font Info:    Font shape `JT3/mc/m/n' will be
(Font)              scaled to size 13.31586pt on input line 4.
LaTeX Font Info:    Font shape `JY3/mc/m/n' will be
(Font)              scaled to size 13.31586pt on input line 4.
LaTeX Font Info:    Font shape `JT3/gt/m/n' will be
(Font)              scaled to size 13.31586pt on input line 4.
LaTeX Font Info:    Font shape `JY3/gt/m/n' will be
(Font)              scaled to size 13.31586pt on input line 4.
(load cache: extra_lmsans12-regular.luc)
<./img/work.png, id=227, 754.82pt x 350.30875pt>
File: ./img/work.png Graphic file (type png)
<use ./img/work.png>
Package luatex.def Info: ./img/work.png  used on input line 15.
(luatex.def)             Requested size: 377.40909pt x 175.15395pt.
(load cache: extra_lmroman9-regular.luc)
LaTeX Font Info:    Font shape `JT3/mc/m/n' will be
(Font)              scaled to size 8.32242pt on input line 16.
LaTeX Font Info:    Font shape `JY3/mc/m/n' will be
(Font)              scaled to size 8.32242pt on input line 16.
[1


<./img/work.png>]
<./img/graph.png, id=238, 630.85687pt x 405.515pt>
File: ./img/graph.png Graphic file (type png)
<use ./img/graph.png>
Package luatex.def Info: ./img/graph.png  used on input line 28.
(luatex.def)             Requested size: 378.51704pt x 243.31087pt.
) (./chapter/chapter_2.tex [2

<./img/graph.png>]
第2章
LaTeX Font Info:    Font shape `JT3/gt/m/n' will be
(Font)              scaled to size 11.09656pt on input line 8.
LaTeX Font Info:    Font shape `JY3/gt/m/n' will be
(Font)              scaled to size 11.09656pt on input line 8.
[3

] [4] [5] [6

]) (./chapter/chapter_3.tex [7]
第3章
<./img/compose.png, id=285, 382.374pt x 250.755pt>
File: ./img/compose.png Graphic file (type png)
<use ./img/compose.png>
Package luatex.def Info: ./img/compose.png  used on input line 13.
(luatex.def)             Requested size: 458.84648pt x 300.9045pt.

Overfull \hbox (37.17845pt too wide) in paragraph at lines 13--14
 [] 
 []

[8

<./img/compose.png>] [9]
Package hyperref Info: bookmark level for unknown lstlisting defaults to 0 on input line 76.
(load cache: extra_lmmono10-regular.luc)
Removing  `ltj.process_input_buffer' from `process_input_buffer'.
Inserting `ltj.listings_unicode' at position 1 in `process_input_buffer'.
Inserting `ltj.process_input_buffer' at position 2 in `process_input_buffer'.(load cache: extra_lmroman7-regular.luc)
LaTeX Font Info:    Font shape `JT3/mc/m/n' will be
(Font)              scaled to size 6.47299pt on input line 77.
LaTeX Font Info:    Font shape `JY3/mc/m/n' will be
(Font)              scaled to size 6.47299pt on input line 77.
LaTeX Font Info:    Font shape `JT3/gt/m/n' will be
(Font)              scaled to size 8.32242pt on input line 77.
LaTeX Font Info:    Font shape `JY3/gt/m/n' will be
(Font)              scaled to size 8.32242pt on input line 77.
 [10] [11]
Removing  `ltj.listings_unicode' from `process_input_buffer'. [12]
Removing  `ltj.process_input_buffer' from `process_input_buffer'.
Inserting `ltj.listings_unicode' at position 1 in `process_input_buffer'.
Inserting `ltj.process_input_buffer' at position 2 in `process_input_buffer'. [13]
Removing  `ltj.listings_unicode' from `process_input_buffer'. [14] [15] [16]) (./chapter/chapter_4.tex [17

]
第4章
Removing  `ltj.process_input_buffer' from `process_input_buffer'.
Inserting `ltj.listings_unicode' at position 1 in `process_input_buffer'.
Inserting `ltj.process_input_buffer' at position 2 in `process_input_buffer'.
Removing  `ltj.listings_unicode' from `process_input_buffer'.
<./img/sample1.png, id=482, 1517.67pt x 825.58438pt>
File: ./img/sample1.png Graphic file (type png)
<use ./img/sample1.png>
Package luatex.def Info: ./img/sample1.png  used on input line 36.
(luatex.def)             Requested size: 455.30452pt x 247.67722pt.

Overfull \hbox (33.63649pt too wide) in paragraph at lines 36--37
 [] 
 []

[18

]
<./img/sample2.png, id=504, 1517.67pt x 827.09pt>
File: ./img/sample2.png Graphic file (type png)
<use ./img/sample2.png>
Package luatex.def Info: ./img/sample2.png  used on input line 44.
(luatex.def)             Requested size: 455.30452pt x 248.1289pt.

Overfull \hbox (33.63649pt too wide) in paragraph at lines 44--45
 [] 
 []

<./img/sample3.png, id=506, 1517.67pt x 786.94pt>
File: ./img/sample3.png Graphic file (type png)
<use ./img/sample3.png>
Package luatex.def Info: ./img/sample3.png  used on input line 52.
(luatex.def)             Requested size: 455.30452pt x 236.08382pt.

Overfull \hbox (33.63649pt too wide) in paragraph at lines 52--53
 [] 
 []


LaTeX Warning: `!h' float specifier changed to `!ht'.

<./img/sample4.png, id=508, 1517.67pt x 826.08624pt>
File: ./img/sample4.png Graphic file (type png)
<use ./img/sample4.png>
Package luatex.def Info: ./img/sample4.png  used on input line 60.
(luatex.def)             Requested size: 455.30452pt x 247.82777pt.

Overfull \hbox (33.63649pt too wide) in paragraph at lines 60--61
 [] 
 []


LaTeX Warning: `!h' float specifier changed to `!ht'.

[19<./img/sample1.png><./img/sample2.png>] [20<./img/sample3.png><./img/sample4.png>]
<./img/sample5.png, id=527, 1517.16812pt x 827.59187pt>
File: ./img/sample5.png Graphic file (type png)
<use ./img/sample5.png>
Package luatex.def Info: ./img/sample5.png  used on input line 70.
(luatex.def)             Requested size: 455.15395pt x 248.27946pt.

Overfull \hbox (33.48592pt too wide) in paragraph at lines 70--71
 [] 
 []

[21

<./img/sample5.png>]
Removing  `ltj.process_input_buffer' from `process_input_buffer'.
Inserting `ltj.listings_unicode' at position 1 in `process_input_buffer'.
Inserting `ltj.process_input_buffer' at position 2 in `process_input_buffer'.
Removing  `ltj.listings_unicode' from `process_input_buffer'.
Removing  `ltj.process_input_buffer' from `process_input_buffer'.
Inserting `ltj.listings_unicode' at position 1 in `process_input_buffer'.
Inserting `ltj.process_input_buffer' at position 2 in `process_input_buffer'.
Removing  `ltj.listings_unicode' from `process_input_buffer'.
<./img/sample6.png, id=536, 1517.67pt x 827.09pt>
File: ./img/sample6.png Graphic file (type png)
<use ./img/sample6.png>
Package luatex.def Info: ./img/sample6.png  used on input line 141.
(luatex.def)             Requested size: 455.30452pt x 248.1289pt.

Overfull \hbox (33.63649pt too wide) in paragraph at lines 141--142
 [] 
 []


LaTeX Warning: `!h' float specifier changed to `!ht'.

<./img/sample7.png, id=538, 1517.67pt x 827.59187pt>
File: ./img/sample7.png Graphic file (type png)
<use ./img/sample7.png>
Package luatex.def Info: ./img/sample7.png  used on input line 149.
(luatex.def)             Requested size: 455.30452pt x 248.27946pt.

Overfull \hbox (33.63649pt too wide) in paragraph at lines 149--150
 [] 
 []


LaTeX Warning: `!h' float specifier changed to `!ht'.

[22

] [23<./img/sample6.png><./img/sample7.png>]
<./img/sample8.png, id=592, 1517.67pt x 826.58812pt>
File: ./img/sample8.png Graphic file (type png)
<use ./img/sample8.png>
Package luatex.def Info: ./img/sample8.png  used on input line 159.
(luatex.def)             Requested size: 455.30452pt x 247.97835pt.

Overfull \hbox (33.63649pt too wide) in paragraph at lines 159--160
 [] 
 []

<./img/data.png, id=594, 1517.67pt x 818.55812pt>
File: ./img/data.png Graphic file (type png)
<use ./img/data.png>
Package luatex.def Info: ./img/data.png  used on input line 177.
(luatex.def)             Requested size: 455.30452pt x 245.56932pt.

Overfull \hbox (33.63649pt too wide) in paragraph at lines 177--178
 [] 
 []


LaTeX Warning: `!h' float specifier changed to `!ht'.

<./img/sample9.png, id=596, 1517.67pt x 827.09pt>
File: ./img/sample9.png Graphic file (type png)
<use ./img/sample9.png>
Package luatex.def Info: ./img/sample9.png  used on input line 185.
(luatex.def)             Requested size: 455.30452pt x 248.1289pt.

Overfull \hbox (33.63649pt too wide) in paragraph at lines 185--186
 [] 
 []


LaTeX Warning: `!h' float specifier changed to `!ht'.

[24

<./img/sample8.png>] [25<./img/data.png><./img/sample9.png>]
<./img/sample10.png, id=613, 1517.16812pt x 827.59187pt>
File: ./img/sample10.png Graphic file (type png)
<use ./img/sample10.png>
Package luatex.def Info: ./img/sample10.png  used on input line 195.
(luatex.def)             Requested size: 455.15395pt x 248.27946pt.

Overfull \hbox (33.48592pt too wide) in paragraph at lines 195--196
 [] 
 []

<./img/sample11.png, id=615, 1517.16812pt x 826.08624pt>
File: ./img/sample11.png Graphic file (type png)
<use ./img/sample11.png>
Package luatex.def Info: ./img/sample11.png  used on input line 203.
(luatex.def)             Requested size: 455.15395pt x 247.82777pt.

Overfull \hbox (33.48592pt too wide) in paragraph at lines 203--204
 [] 
 []

[26

<./img/sample10.png><./img/sample11.png>]
<./img/sample13.png, id=626, 1517.67pt x 828.09375pt>
File: ./img/sample13.png Graphic file (type png)
<use ./img/sample13.png>
Package luatex.def Info: ./img/sample13.png  used on input line 223.
(luatex.def)             Requested size: 455.30452pt x 248.43004pt.

Overfull \hbox (33.63649pt too wide) in paragraph at lines 223--224
 [] 
 []

<./img/sample14.png, id=628, 1517.67pt x 826.58812pt>
File: ./img/sample14.png Graphic file (type png)
<use ./img/sample14.png>
Package luatex.def Info: ./img/sample14.png  used on input line 231.
(luatex.def)             Requested size: 455.30452pt x 247.97835pt.

Overfull \hbox (33.63649pt too wide) in paragraph at lines 231--232
 [] 
 []


LaTeX Warning: `!h' float specifier changed to `!ht'.

<./img/sample15.png, id=630, 1517.16812pt x 826.08624pt>
File: ./img/sample15.png Graphic file (type png)
<use ./img/sample15.png>
Package luatex.def Info: ./img/sample15.png  used on input line 239.
(luatex.def)             Requested size: 455.15395pt x 247.82777pt.

Overfull \hbox (33.48592pt too wide) in paragraph at lines 239--240
 [] 
 []


LaTeX Warning: `!h' float specifier changed to `!ht'.

[27

<./img/sample13.png>] [28<./img/sample14.png><./img/sample15.png>]
<./img/sample16.png, id=646, 1517.67pt x 823.57687pt>
File: ./img/sample16.png Graphic file (type png)
<use ./img/sample16.png>
Package luatex.def Info: ./img/sample16.png  used on input line 258.
(luatex.def)             Requested size: 455.30452pt x 247.07497pt.

Overfull \hbox (33.63649pt too wide) in paragraph at lines 258--259
 [] 
 []

<./img/sample17.png, id=648, 1517.67pt x 827.09pt>
File: ./img/sample17.png Graphic file (type png)
<use ./img/sample17.png>
Package luatex.def Info: ./img/sample17.png  used on input line 266.
(luatex.def)             Requested size: 455.30452pt x 248.1289pt.

Overfull \hbox (33.63649pt too wide) in paragraph at lines 266--267
 [] 
 []


LaTeX Warning: `!h' float specifier changed to `!ht'.

<./img/sample18.png, id=650, 1517.67pt x 826.58812pt>
File: ./img/sample18.png Graphic file (type png)
<use ./img/sample18.png>
Package luatex.def Info: ./img/sample18.png  used on input line 274.
(luatex.def)             Requested size: 455.30452pt x 247.97835pt.

Overfull \hbox (33.63649pt too wide) in paragraph at lines 274--275
 [] 
 []


LaTeX Warning: `!h' float specifier changed to `!ht'.

<./img/sample19.png, id=652, 1517.67pt x 826.58812pt>
File: ./img/sample19.png Graphic file (type png)
<use ./img/sample19.png>
Package luatex.def Info: ./img/sample19.png  used on input line 282.
(luatex.def)             Requested size: 455.30452pt x 247.97835pt.

Overfull \hbox (33.63649pt too wide) in paragraph at lines 282--283
 [] 
 []


LaTeX Warning: `!h' float specifier changed to `!ht'.

[29

<./img/sample16.png>] [30<./img/sample17.png><./img/sample18.png>] [31<./img/sample19.png>]
<./img/chat1.png, id=675, 1517.16812pt x 826.58812pt>
File: ./img/chat1.png Graphic file (type png)
<use ./img/chat1.png>
Package luatex.def Info: ./img/chat1.png  used on input line 306.
(luatex.def)             Requested size: 455.15395pt x 247.97835pt.

Overfull \hbox (33.48592pt too wide) in paragraph at lines 306--307
 [] 
 []

<./img/chat2.png, id=677, 1517.16812pt x 822.57312pt>
File: ./img/chat2.png Graphic file (type png)
<use ./img/chat2.png>
Package luatex.def Info: ./img/chat2.png  used on input line 314.
(luatex.def)             Requested size: 455.15395pt x 246.77383pt.

Overfull \hbox (33.48592pt too wide) in paragraph at lines 314--315
 [] 
 []


LaTeX Warning: `!h' float specifier changed to `!ht'.

<./img/chat3.png, id=679, 1517.16812pt x 826.08624pt>
File: ./img/chat3.png Graphic file (type png)
<use ./img/chat3.png>
Package luatex.def Info: ./img/chat3.png  used on input line 322.
(luatex.def)             Requested size: 455.15395pt x 247.82777pt.

Overfull \hbox (33.48592pt too wide) in paragraph at lines 322--323
 [] 
 []


LaTeX Warning: `!h' float specifier changed to `!ht'.

<./img/chat4.png, id=681, 1517.16812pt x 823.57687pt>
File: ./img/chat4.png Graphic file (type png)
<use ./img/chat4.png>
Package luatex.def Info: ./img/chat4.png  used on input line 330.
(luatex.def)             Requested size: 455.15395pt x 247.07497pt.

Overfull \hbox (33.48592pt too wide) in paragraph at lines 330--331
 [] 
 []


LaTeX Warning: `!h' float specifier changed to `!ht'.

<./img/chat5.png, id=683, 1517.16812pt x 824.58063pt>
File: ./img/chat5.png Graphic file (type png)
<use ./img/chat5.png>
Package luatex.def Info: ./img/chat5.png  used on input line 338.
(luatex.def)             Requested size: 455.15395pt x 247.3761pt.

Overfull \hbox (33.48592pt too wide) in paragraph at lines 338--339
 [] 
 []


LaTeX Warning: `!h' float specifier changed to `!ht'.

<./img/chat6.png, id=685, 1517.16812pt x 826.08624pt>
File: ./img/chat6.png Graphic file (type png)
<use ./img/chat6.png>
Package luatex.def Info: ./img/chat6.png  used on input line 346.
(luatex.def)             Requested size: 455.15395pt x 247.82777pt.

Overfull \hbox (33.48592pt too wide) in paragraph at lines 346--347
 [] 
 []


LaTeX Warning: `!h' float specifier changed to `!ht'.

<./img/chat7.png, id=687, 1517.67pt x 825.58438pt>
File: ./img/chat7.png Graphic file (type png)
<use ./img/chat7.png>
Package luatex.def Info: ./img/chat7.png  used on input line 354.
(luatex.def)             Requested size: 455.30452pt x 247.67722pt.

Overfull \hbox (33.63649pt too wide) in paragraph at lines 354--355
 [] 
 []


LaTeX Warning: `!h' float specifier changed to `!ht'.

<./img/chat8.png, id=689, 1517.67pt x 821.0675pt>
File: ./img/chat8.png Graphic file (type png)
<use ./img/chat8.png>
Package luatex.def Info: ./img/chat8.png  used on input line 362.
(luatex.def)             Requested size: 455.30452pt x 246.32214pt.

Overfull \hbox (33.63649pt too wide) in paragraph at lines 362--363
 [] 
 []


LaTeX Warning: `!h' float specifier changed to `!ht'.

<./img/chat9.png, id=691, 1517.67pt x 825.0825pt>
File: ./img/chat9.png Graphic file (type png)
<use ./img/chat9.png>
Package luatex.def Info: ./img/chat9.png  used on input line 370.
(luatex.def)             Requested size: 455.30452pt x 247.52666pt.

Overfull \hbox (33.63649pt too wide) in paragraph at lines 370--371
 [] 
 []


LaTeX Warning: `!h' float specifier changed to `!ht'.

<./img/chat10.png, id=693, 1517.16812pt x 823.075pt>
File: ./img/chat10.png Graphic file (type png)
<use ./img/chat10.png>
Package luatex.def 