\BOOKMARK [0][-]{chapter.1}{\376\377\173\054\0001\172\340\000\040\136\217\212\326}{}% 1
\BOOKMARK [1][-]{section.1.1}{\376\377\0001\000.\0001\000\040\170\024\172\166\060\156\200\314\146\157\060\150\166\356\166\204}{chapter.1}% 2
\BOOKMARK [1][-]{section.1.2}{\376\377\0001\000.\0002\000\040\212\326\145\207\060\156\151\313\142\020}{chapter.1}% 3
\BOOKMARK [0][-]{chapter.2}{\376\377\173\054\0002\172\340\000\040\152\137\200\375\212\055\212\010}{}% 4
\BOOKMARK [1][-]{section.2.1}{\376\377\0002\000.\0001\000\040\122\264\122\331\173\241\164\006\145\057\143\364\060\267\060\271\060\306\060\340}{chapter.2}% 5
\BOOKMARK [1][-]{section.2.2}{\376\377\0002\000.\0002\000\040\060\257\060\351\060\246\060\311}{chapter.2}% 6
\BOOKMARK [1][-]{section.2.3}{\376\377\0002\000.\0003\000\040\143\320\150\110\060\131\060\213\060\267\060\271\060\306\060\340\060\156\152\137\200\375}{chapter.2}% 7
\BOOKMARK [0][-]{chapter.3}{\376\377\173\054\0003\172\340\000\040\060\267\060\271\060\306\060\340\060\156\133\237\210\305\145\271\154\325}{}% 8
\BOOKMARK [1][-]{section.3.1}{\376\377\0003\000.\0001\000\040\060\267\060\271\060\306\060\340\151\313\142\020}{chapter.3}% 9
\BOOKMARK [1][-]{section.3.2}{\376\377\0003\000.\0002\000\040\000R\000e\000a\000c\000t\060\153\060\144\060\104\060\146}{chapter.3}% 10
\BOOKMARK [1][-]{section.3.3}{\376\377\0003\000.\0003\000\040\000f\000a\000c\000e\000-\000a\000p\000i\000.\000j\000s\060\153\060\144\060\104\060\146}{chapter.3}% 11
\BOOKMARK [1][-]{section.3.4}{\376\377\0003\000.\0004\000\040\000M\000a\000t\000e\000r\000i\000a\000l\000-\000U\000I\060\153\060\144\060\104\060\146}{chapter.3}% 12
\BOOKMARK [1][-]{section.3.5}{\376\377\0003\000.\0005\000\040\000F\000i\000r\000e\000b\000a\000s\000e\000\040\000A\000u\000t\000h\000e\000n\000t\000i\000c\000a\000t\000i\000o\000n}{chapter.3}% 13
\BOOKMARK [1][-]{section.3.6}{\376\377\0003\000.\0006\000\040\000C\000l\000o\000u\000d\000\040\000F\000i\000r\000e\000s\000t\000o\000r\000e}{chapter.3}% 14
\BOOKMARK [0][-]{chapter.4}{\376\377\173\054\0004\172\340\000\040\122\325\117\134\151\034\212\074}{}% 15
\BOOKMARK [1][-]{section.4.1}{\376\377\0004\000.\0001\000\040\171\076\124\341\060\114\121\231\167\037\060\222\143\320\121\372\060\131\060\213}{chapter.4}% 16
\BOOKMARK [1][-]{section.4.2}{\376\377\0004\000.\0002\000\040\173\241\164\006\200\005\060\156\171\076\124\341\173\241\164\006\152\137\200\375}{chapter.4}% 17
\BOOKMARK [1][-]{section.4.3}{\376\377\0004\000.\0003\000\040\212\215\212\074\152\137\200\375}{chapter.4}% 18
\BOOKMARK [1][-]{section.4.4}{\376\377\0004\000.\0004\000\040\143\262\171\072\147\177\152\137\200\375}{chapter.4}% 19
\BOOKMARK [1][-]{section.4.5}{\376\377\0004\000.\0005\000\040\060\301\060\343\060\303\060\310\152\137\200\375}{chapter.4}% 20
\BOOKMARK [0][-]{chapter.5}{\376\377\173\054\0005\172\340\000\040\175\120\212\326}{}% 21
\BOOKMARK [0][-]{chapter*.4}{\376\377\213\035\217\236}{}% 22
\BOOKMARK [0][-]{chapter*.5}{\376\377\123\302\200\003\145\207\163\056}{}% 23
